04-Sep-2024 09:16:08.778 信息 [main] org.apache.catalina.startup.VersionLoggerListener.log Server.服务器版本: Apache Tomcat/9.0.89
04-Sep-2024 09:16:08.782 信息 [main] org.apache.catalina.startup.VersionLoggerListener.log 服务器构建:        May 3 2024 20:22:11 UTC
04-Sep-2024 09:16:08.782 信息 [main] org.apache.catalina.startup.VersionLoggerListener.log 服务器版本号:      9.0.89.0
04-Sep-2024 09:16:08.782 信息 [main] org.apache.catalina.startup.VersionLoggerListener.log 操作系统名称:      Windows 10
04-Sep-2024 09:16:08.782 信息 [main] org.apache.catalina.startup.VersionLoggerListener.log OS.版本:           10.0
04-Sep-2024 09:16:08.782 信息 [main] org.apache.catalina.startup.VersionLoggerListener.log 架构:              amd64
04-Sep-2024 09:16:08.782 信息 [main] org.apache.catalina.startup.VersionLoggerListener.log Java 环境变量:     E:\Java\jdk1.8.0_281\jre
04-Sep-2024 09:16:08.782 信息 [main] org.apache.catalina.startup.VersionLoggerListener.log Java虚拟机版本:    1.8.0_281-b09
04-Sep-2024 09:16:08.782 信息 [main] org.apache.catalina.startup.VersionLoggerListener.log JVM.供应商:        Oracle Corporation
04-Sep-2024 09:16:08.782 信息 [main] org.apache.catalina.startup.VersionLoggerListener.log CATALINA_BASE:     E:\SpringBoot+Vue汽车租赁管理系统
04-Sep-2024 09:16:08.782 信息 [main] org.apache.catalina.startup.VersionLoggerListener.log CATALINA_HOME:     D:\DevelopmentTool\apache-tomcat-9.0.89
04-Sep-2024 09:16:08.786 信息 [main] org.apache.catalina.startup.VersionLoggerListener.log 命令行参数：       -Dcatalina.home=D:\DevelopmentTool\apache-tomcat-9.0.89
04-Sep-2024 09:16:08.786 信息 [main] org.apache.catalina.startup.VersionLoggerListener.log 命令行参数：       -Dcatalina.base=E:\SpringBoot+Vue汽车租赁管理系统
04-Sep-2024 09:16:08.786 信息 [main] org.apache.catalina.startup.VersionLoggerListener.log 命令行参数：       -Djava.io.tmpdir=E:\SpringBoot+Vue汽车租赁管理系统\temp
04-Sep-2024 09:16:08.786 信息 [main] org.apache.catalina.startup.VersionLoggerListener.log 命令行参数：       -Djava.util.logging.config.file=E:\SpringBoot+Vue汽车租赁管理系统\conf\logging.properties
04-Sep-2024 09:16:08.786 信息 [main] org.apache.catalina.startup.VersionLoggerListener.log 命令行参数：       -Djava.util.logging.manager=org.apache.juli.ClassLoaderLogManager
04-Sep-2024 09:16:08.786 信息 [main] org.apache.catalina.startup.VersionLoggerListener.log 命令行参数：       -javaagent:D:\IntelliJ IDEA Community Edition 2023.2.3\lib\idea_rt.jar=17047:D:\IntelliJ IDEA Community Edition 2023.2.3\bin
04-Sep-2024 09:16:08.786 信息 [main] org.apache.catalina.startup.VersionLoggerListener.log 命令行参数：       -Dfile.encoding=UTF-8
04-Sep-2024 09:16:08.793 信息 [main] org.apache.catalina.core.AprLifecycleListener.lifecycleEvent 使用APR版本[1.7.4]加载了基于APR的Apache Tomcat本机库[1.3.0]。
04-Sep-2024 09:16:08.793 信息 [main] org.apache.catalina.core.AprLifecycleListener.lifecycleEvent APR功能：IPv6[true]、sendfile[true]、accept filters[false]、random[true]、UDS [true]。
04-Sep-2024 09:16:08.793 信息 [main] org.apache.catalina.core.AprLifecycleListener.lifecycleEvent APR/OpenSSL配置：useAprConnector[false]，useOpenSSL[true]
04-Sep-2024 09:16:08.812 信息 [main] org.apache.catalina.core.AprLifecycleListener.initializeSSL OpenSSL成功初始化 [OpenSSL 3.0.13 30 Jan 2024]
04-Sep-2024 09:16:09.194 信息 [main] org.apache.coyote.AbstractProtocol.init 初始化协议处理器 ["http-nio-8080"]
04-Sep-2024 09:16:09.223 信息 [main] org.apache.catalina.startup.Catalina.load 服务器在[668]毫秒内初始化
04-Sep-2024 09:16:09.258 信息 [main] org.apache.catalina.core.StandardService.startInternal 正在启动服务[Catalina]
04-Sep-2024 09:16:09.258 信息 [main] org.apache.catalina.core.StandardEngine.startInternal 正在启动 Servlet 引擎：[Apache Tomcat/9.0.89]
04-Sep-2024 09:16:09.266 信息 [main] org.apache.catalina.startup.HostConfig.deployDescriptor 正在部署部署描述符[E:\SpringBoot+Vue汽车租赁管理系统\conf\Catalina\localhost\myapp1.xml]。
04-Sep-2024 09:16:09.485 信息 [main] org.apache.jasper.servlet.TldScanner.scanJars 至少有一个JAR被扫描用于TLD但尚未包含TLD。 为此记录器启用调试日志记录，以获取已扫描但未在其中找到TLD的完整JAR列表。 在扫描期间跳过不需要的JAR可以缩短启动时间和JSP编译时间。
04-Sep-2024 09:16:09.877 警告 [main] org.apache.catalina.util.SessionIdGeneratorBase.createSecureRandom 使用[SHA1PRNG]创建会话ID生成的SecureRandom实例花费了[364]毫秒。
04-Sep-2024 09:16:09.893 信息 [main] org.apache.catalina.startup.HostConfig.deployDescriptor 部署描述符[E:\SpringBoot+Vue汽车租赁管理系统\conf\Catalina\localhost\myapp1.xml]的部署已在[628]ms内完成
04-Sep-2024 09:16:09.897 信息 [main] org.apache.coyote.AbstractProtocol.start 开始协议处理句柄["http-nio-8080"]
04-Sep-2024 09:16:09.912 信息 [main] org.apache.catalina.startup.Catalina.start [689]毫秒后服务器启动
04-Sep-2024 09:38:15.873 信息 [Thread-2] org.apache.coyote.AbstractProtocol.pause 暂停ProtocolHandler["http-nio-8080"]
04-Sep-2024 09:38:16.160 信息 [Thread-2] org.apache.catalina.core.StandardService.stopInternal 正在停止服务[Catalina]
04-Sep-2024 09:38:16.217 信息 [Thread-2] org.apache.coyote.AbstractProtocol.stop 正在停止ProtocolHandler ["http-nio-8080"]
04-Sep-2024 09:38:16.226 信息 [Thread-2] org.apache.coyote.AbstractProtocol.destroy 正在摧毁协议处理器 ["http-nio-8080"]
04-Sep-2024 09:38:26.782 信息 [main] org.apache.catalina.startup.VersionLoggerListener.log Server.服务器版本: Apache Tomcat/9.0.89
04-Sep-2024 09:38:26.787 信息 [main] org.apache.catalina.startup.VersionLoggerListener.log 服务器构建:        May 3 2024 20:22:11 UTC
04-Sep-2024 09:38:26.787 信息 [main] org.apache.catalina.startup.VersionLoggerListener.log 服务器版本号:      9.0.89.0
04-Sep-2024 09:38:26.787 信息 [main] org.apache.catalina.startup.VersionLoggerListener.log 操作系统名称:      Windows 10
04-Sep-2024 09:38:26.787 信息 [main] org.apache.catalina.startup.VersionLoggerListener.log OS.版本:           10.0
04-Sep-2024 09:38:26.787 信息 [main] org.apache.catalina.startup.VersionLoggerListener.log 架构:              amd64
04-Sep-2024 09:38:26.787 信息 [main] org.apache.catalina.startup.VersionLoggerListener.log Java 环境变量:     E:\Java\jdk1.8.0_281\jre
04-Sep-2024 09:38:26.788 信息 [main] org.apache.catalina.startup.VersionLoggerListener.log Java虚拟机版本:    1.8.0_281-b09
04-Sep-2024 09:38:26.788 信息 [main] org.apache.catalina.startup.VersionLoggerListener.log JVM.供应商:        Oracle Corporation
04-Sep-2024 09:38:26.788 信息 [main] org.apache.catalina.startup.VersionLoggerListener.log CATALINA_BASE:     E:\SpringBoot+Vue汽车租赁管理系统
04-Sep-2024 09:38:26.788 信息 [main] org.apache.catalina.startup.VersionLoggerListener.log CATALINA_HOME:     D:\DevelopmentTool\apache-tomcat-9.0.89
04-Sep-2024 09:38:26.791 信息 [main] org.apache.catalina.startup.VersionLoggerListener.log 命令行参数：       -Dcatalina.home=D:\DevelopmentTool\apache-tomcat-9.0.89
04-Sep-2024 09:38:26.791 信息 [main] org.apache.catalina.startup.VersionLoggerListener.log 命令行参数：       -Dcatalina.base=E:\SpringBoot+Vue汽车租赁管理系统
04-Sep-2024 09:38:26.791 信息 [main] org.apache.catalina.startup.VersionLoggerListener.log 命令行参数：       -Djava.io.tmpdir=E:\SpringBoot+Vue汽车租赁管理系统\temp
04-Sep-2024 09:38:26.791 信息 [main] org.apache.catalina.startup.VersionLoggerListener.log 命令行参数：       -Djava.util.logging.config.file=E:\SpringBoot+Vue汽车租赁管理系统\conf\logging.properties
04-Sep-2024 09:38:26.792 信息 [main] org.apache.catalina.startup.VersionLoggerListener.log 命令行参数：       -Djava.util.logging.manager=org.apache.juli.ClassLoaderLogManager
04-Sep-2024 09:38:26.792 信息 [main] org.apache.catalina.startup.VersionLoggerListener.log 命令行参数：       -javaagent:D:\IntelliJ IDEA Community Edition 2023.2.3\lib\idea_rt.jar=18421:D:\IntelliJ IDEA Community Edition 2023.2.3\bin
04-Sep-2024 09:38:26.792 信息 [main] org.apache.catalina.startup.VersionLoggerListener.log 命令行参数：       -Dfile.encoding=UTF-8
04-Sep-2024 09:38:26.797 信息 [main] org.apache.catalina.core.AprLifecycleListener.lifecycleEvent 使用APR版本[1.7.4]加载了基于APR的Apache Tomcat本机库[1.3.0]。
04-Sep-2024 09:38:26.798 信息 [main] org.apache.catalina.core.AprLifecycleListener.lifecycleEvent APR功能：IPv6[true]、sendfile[true]、accept filters[false]、random[true]、UDS [true]。
04-Sep-2024 09:38:26.798 信息 [main] org.apache.catalina.core.AprLifecycleListener.lifecycleEvent APR/OpenSSL配置：useAprConnector[false]，useOpenSSL[true]
04-Sep-2024 09:38:26.821 信息 [main] org.apache.catalina.core.AprLifecycleListener.initializeSSL OpenSSL成功初始化 [OpenSSL 3.0.13 30 Jan 2024]
04-Sep-2024 09:38:27.372 信息 [main] org.apache.coyote.AbstractProtocol.init 初始化协议处理器 ["http-nio-8084"]
04-Sep-2024 09:38:27.411 严重 [main] org.apache.catalina.util.LifecycleBase.handleSubClassException 初始化组件[Connector["http-nio-8084"]]失败。
	org.apache.catalina.LifecycleException: 协议处理程序初始化失败
		at org.apache.catalina.connector.Connector.initInternal(Connector.java:1012)
		at org.apache.catalina.util.LifecycleBase.init(LifecycleBase.java:127)
		at org.apache.catalina.core.StandardService.initInternal(StandardService.java:525)
		at org.apache.catalina.util.LifecycleBase.init(LifecycleBase.java:127)
		at org.apache.catalina.core.StandardServer.initInternal(StandardServer.java:990)
		at org.apache.catalina.util.LifecycleBase.init(LifecycleBase.java:127)
		at org.apache.catalina.startup.Catalina.load(Catalina.java:686)
		at org.apache.catalina.startup.Catalina.load(Catalina.java:709)
		at sun.reflect.NativeMethodAccessorImpl.invoke0(Native Method)
		at sun.reflect.NativeMethodAccessorImpl.invoke(NativeMethodAccessorImpl.java:62)
		at sun.reflect.DelegatingMethodAccessorImpl.invoke(DelegatingMethodAccessorImpl.java:43)
		at java.lang.reflect.Method.invoke(Method.java:498)
		at org.apache.catalina.startup.Bootstrap.load(Bootstrap.java:302)
		at org.apache.catalina.startup.Bootstrap.main(Bootstrap.java:472)
	Caused by: java.net.BindException: Address already in use: bind
		at sun.nio.ch.Net.bind0(Native Method)
		at sun.nio.ch.Net.bind(Net.java:444)
		at sun.nio.ch.Net.bind(Net.java:436)
		at sun.nio.ch.ServerSocketChannelImpl.bind(ServerSocketChannelImpl.java:225)
		at org.apache.tomcat.util.net.NioEndpoint.initServerSocket(NioEndpoint.java:268)
		at org.apache.tomcat.util.net.NioEndpoint.bind(NioEndpoint.java:223)
		at org.apache.tomcat.util.net.AbstractEndpoint.bindWithCleanup(AbstractEndpoint.java:1355)
		at org.apache.tomcat.util.net.AbstractEndpoint.init(AbstractEndpoint.java:1368)
		at org.apache.coyote.AbstractProtocol.init(AbstractProtocol.java:654)
		at org.apache.coyote.http11.AbstractHttp11Protocol.init(AbstractHttp11Protocol.java:75)
		at org.apache.catalina.connector.Connector.initInternal(Connector.java:1010)
		... 13 more
04-Sep-2024 09:38:27.414 信息 [main] org.apache.catalina.startup.Catalina.load 服务器在[861]毫秒内初始化
04-Sep-2024 09:38:27.509 信息 [main] org.apache.catalina.core.StandardService.startInternal 正在启动服务[Catalina]
04-Sep-2024 09:38:27.510 信息 [main] org.apache.catalina.core.StandardEngine.startInternal 正在启动 Servlet 引擎：[Apache Tomcat/9.0.89]
04-Sep-2024 09:38:27.530 信息 [main] org.apache.catalina.startup.HostConfig.deployDescriptor 正在部署部署描述符[E:\SpringBoot+Vue汽车租赁管理系统\conf\Catalina\localhost\#.xml]。
04-Sep-2024 09:38:27.556 警告 [main] org.apache.catalina.core.StandardContext.setPath 上下文路径必须是空字符串或以'/'开头，而不能以'/'结尾。路径[//]不符合这些条件，已更改为[/]
04-Sep-2024 09:38:27.790 信息 [main] org.apache.jasper.servlet.TldScanner.scanJars 至少有一个JAR被扫描用于TLD但尚未包含TLD。 为此记录器启用调试日志记录，以获取已扫描但未在其中找到TLD的完整JAR列表。 在扫描期间跳过不需要的JAR可以缩短启动时间和JSP编译时间。
04-Sep-2024 09:38:28.181 警告 [main] org.apache.catalina.util.SessionIdGeneratorBase.createSecureRandom 使用[SHA1PRNG]创建会话ID生成的SecureRandom实例花费了[352]毫秒。
04-Sep-2024 09:38:28.197 信息 [main] org.apache.catalina.startup.HostConfig.deployDescriptor 部署描述符[E:\SpringBoot+Vue汽车租赁管理系统\conf\Catalina\localhost\#.xml]的部署已在[667]ms内完成
04-Sep-2024 09:38:28.200 信息 [main] org.apache.catalina.startup.Catalina.start [785]毫秒后服务器启动
04-Sep-2024 09:39:48.863 警告 [main] org.apache.catalina.core.StandardServer.await 收到无效的关闭命令[GET / HTTP/1.1]
04-Sep-2024 09:39:50.188 警告 [main] org.apache.catalina.core.StandardServer.await 收到无效的关闭命令[GET / HTTP/1.1]
04-Sep-2024 09:39:50.189 警告 [main] org.apache.catalina.core.StandardServer.await 收到无效的关闭命令[GET / HTTP/1.1]
04-Sep-2024 09:39:50.504 警告 [main] org.apache.catalina.core.StandardServer.await 收到无效的关闭命令[GET / HTTP/1.1]
04-Sep-2024 09:39:50.783 警告 [main] org.apache.catalina.core.StandardServer.await 收到无效的关闭命令[]
04-Sep-2024 09:39:51.885 警告 [main] org.apache.catalina.core.StandardServer.await 收到无效的关闭命令[GET / HTTP/1.1]
04-Sep-2024 09:39:55.792 警告 [main] org.apache.catalina.core.StandardServer.await 收到无效的关闭命令[]
04-Sep-2024 09:39:55.793 警告 [main] org.apache.catalina.core.StandardServer.await 收到无效的关闭命令[]
04-Sep-2024 09:41:30.182 警告 [main] org.apache.catalina.core.StandardServer.await 收到无效的关闭命令[GET / HTTP/1.1]
04-Sep-2024 09:41:30.907 警告 [main] org.apache.catalina.core.StandardServer.await 收到无效的关闭命令[]
04-Sep-2024 09:41:30.908 警告 [main] org.apache.catalina.core.StandardServer.await 收到无效的关闭命令[]
04-Sep-2024 09:41:31.532 警告 [main] org.apache.catalina.core.StandardServer.await 收到无效的关闭命令[GET / HTTP/1.1]
04-Sep-2024 09:41:40.923 警告 [main] org.apache.catalina.core.StandardServer.await 收到无效的关闭命令[]
04-Sep-2024 09:41:40.924 警告 [main] org.apache.catalina.core.StandardServer.await 收到无效的关闭命令[]
04-Sep-2024 09:55:35.855 信息 [Thread-2] org.apache.coyote.AbstractProtocol.pause 暂停ProtocolHandler["http-nio-8084"]
04-Sep-2024 09:55:35.856 信息 [Thread-2] org.apache.catalina.core.StandardService.stopInternal 正在停止服务[Catalina]
04-Sep-2024 09:55:35.935 信息 [Thread-2] org.apache.coyote.AbstractProtocol.stop 正在停止ProtocolHandler ["http-nio-8084"]
04-Sep-2024 09:55:35.937 信息 [Thread-2] org.apache.coyote.AbstractProtocol.destroy 正在摧毁协议处理器 ["http-nio-8084"]
